<?xml version="1.0" encoding="UTF-8"?>
<!-- Generated by org.testng.reporters.JUnitXMLReporter -->
<testsuite hostname="DESKTOP-1888K4I" name="Default test" tests="7" failures="0" timestamp="28 Jan 2016 12:01:09 GMT" time="81.714" errors="0">
  <testcase name="testClick" time="11.054" classname="ExcelFrame.DataDriven"/>
  <testcase name="testClick" time="15.794" classname="ExcelFrame.DataDriven"/>
  <testcase name="testClick" time="15.074" classname="ExcelFrame.DataDriven"/>
  <testcase name="testClick" time="0.024" classname="ExcelFrame.DataDriven"/>
  <testcase name="testClick" time="0.018" classname="ExcelFrame.DataDriven"/>
  <testcase name="testClick" time="14.02" classname="ExcelFrame.DataDriven"/>
  <testcase name="testClick" time="15.03" classname="ExcelFrame.DataDriven"/>
</testsuite> <!-- Default test -->
